<?xml version="1.0" encoding="UTF-8"?>
<!-- Generated by org.testng.reporters.JUnitXMLReporter -->
<testsuite ignored="0" hostname="DESKTOP-N8KHEL2" failures="2" tests="6" name="Test" time="0.155" errors="0" timestamp="2022-07-04T21:24:13 IST">
  <testcase classname="listnerStudy.MyTest2" name="myMethod8" time="0.013"/>
  <testcase classname="listnerStudy.MyTest2" name="myMethod9" time="0.005">
    <failure type="java.lang.AssertionError" message="null">
      <![CDATA[java.lang.AssertionError: null
at listnerStudy.MyTest2.myMethod9(MyTest2.java:16)
at java.base/java.util.ArrayList.forEach(ArrayList.java:1541)
... Removed 29 stack frames]]>
    </failure>
  </testcase> <!-- myMethod9 -->
  <testcase classname="listnerStudy.MyTest2" name="myMethod10" time="0.0">
    <skipped/>
  </testcase> <!-- myMethod10 -->
  <testcase classname="listnerStudy.MyTest" name="myMethod1" time="0.003"/>
  <testcase classname="listnerStudy.MyTest" name="myMethod2" time="0.001">
    <failure type="java.lang.AssertionError" message="null">
      <![CDATA[java.lang.AssertionError: null
at listnerStudy.MyTest.myMethod2(MyTest.java:20)
at java.base/java.util.ArrayList.forEach(ArrayList.java:1541)
... Removed 29 stack frames]]>
    </failure>
  </testcase> <!-- myMethod2 -->
  <testcase classname="listnerStudy.MyTest" name="myMethod3" time="0.0">
    <skipped/>
  </testcase> <!-- myMethod3 -->
</testsuite> <!-- Test -->
