<?xml version="1.0" encoding="UTF-8"?>
<!-- Generated by org.testng.reporters.JUnitXMLReporter -->
<testsuite ignored="6" hostname="DESKTOP-N8KHEL2" failures="0" tests="4" name="Test(failed)" time="0.183" errors="0" timestamp="2022-06-26T15:11:42 IST">
  <testcase classname="testNGKeywordStudy.GrouppingStudy2" name="dh" time="0.017"/>
  <testcase classname="testNGKeywordStudy.GrouppingStudy2" name="jk" time="0.003"/>
  <testcase classname="testNGKeywordStudy.GrouppingStudy" name="y" time="0.002"/>
  <testcase classname="testNGKeywordStudy.GrouppingStudy" name="x" time="0.006"/>
  <testcase classname="testNGKeywordStudy.GrouppingStudy" name="z" time="0.0">
    <ignored/>
  </testcase> <!-- z -->
  <testcase classname="testNGKeywordStudy.GrouppingStudy" name="ty" time="0.0">
    <ignored/>
  </testcase> <!-- ty -->
  <testcase classname="testNGKeywordStudy.GrouppingStudy2" name="f" time="0.0">
    <ignored/>
  </testcase> <!-- f -->
  <testcase classname="testNGKeywordStudy.GrouppingStudy2" name="mn" time="0.0">
    <ignored/>
  </testcase> <!-- mn -->
  <testcase classname="testNGKeywordStudy.GrouppingStudy2" name="sd" time="0.0">
    <ignored/>
  </testcase> <!-- sd -->
  <testcase classname="testNGKeywordStudy.GrouppingStudy" name="aa" time="0.0">
    <ignored/>
  </testcase> <!-- aa -->
</testsuite> <!-- Test(failed) -->
