<?xml version="1.0" encoding="UTF-8"?>
<testng-results ignored="0" total="1" passed="1" failed="0" skipped="0">
  <reporter-output>
    <line>
      <![CDATA[values of actualUserName and expectedUserName maches hence Tc is passed]]>
    </line>
  </reporter-output>
  <suite started-at="2022-07-07T12:33:11 IST" name="Default suite" finished-at="2022-07-07T12:33:37 IST" duration-ms="25818">
    <groups>
    </groups>
    <test started-at="2022-07-07T12:33:11 IST" name="Default test" finished-at="2022-07-07T12:33:37 IST" duration-ms="25818">
      <class name="newKiteTest.ValidateUserName">
        <test-method is-config="true" signature="launchBrowser()[pri:0, instance:newKiteTest.ValidateUserName@5677323c]" started-at="2022-07-07T12:33:12 IST" name="launchBrowser" finished-at="2022-07-07T12:33:24 IST" duration-ms="12496" status="PASS">
          <reporter-output>
          </reporter-output>
        </test-method> <!-- launchBrowser -->
        <test-method is-config="true" signature="loginToKiteApp()[pri:0, instance:newKiteTest.ValidateUserName@5677323c]" started-at="2022-07-07T12:33:24 IST" name="loginToKiteApp" finished-at="2022-07-07T12:33:25 IST" duration-ms="752" status="PASS">
          <reporter-output>
          </reporter-output>
        </test-method> <!-- loginToKiteApp -->
        <test-method signature="validateUserName()[pri:0, instance:newKiteTest.ValidateUserName@5677323c]" started-at="2022-07-07T12:33:25 IST" name="validateUserName" finished-at="2022-07-07T12:33:34 IST" duration-ms="9282" status="PASS">
          <reporter-output>
            <line>
              <![CDATA[values of actualUserName and expectedUserName maches hence Tc is passed]]>
            </line>
          </reporter-output>
        </test-method> <!-- validateUserName -->
        <test-method is-config="true" signature="logout()[pri:0, instance:newKiteTest.ValidateUserName@5677323c]" started-at="2022-07-07T12:33:34 IST" name="logout" finished-at="2022-07-07T12:33:36 IST" duration-ms="1847" status="PASS">
          <reporter-output>
          </reporter-output>
        </test-method> <!-- logout -->
        <test-method is-config="true" signature="closeBrowser()[pri:0, instance:newKiteTest.ValidateUserName@5677323c]" started-at="2022-07-07T12:33:36 IST" name="closeBrowser" finished-at="2022-07-07T12:33:37 IST" duration-ms="1355" status="PASS">
          <reporter-output>
          </reporter-output>
        </test-method> <!-- closeBrowser -->
      </class> <!-- newKiteTest.ValidateUserName -->
    </test> <!-- Default test -->
  </suite> <!-- Default suite -->
</testng-results>
